<?xml version="1.0" encoding="UTF-8"?>
<!-- Generated by org.testng.reporters.JUnitReportReporter -->
<testsuite hostname="QT-INBG-LT0442" failures="0" tests="1" name="Marrivenkatesh.Orderby" time="12.250" errors="0" timestamp="2022-09-19T10:08:38 IST" skipped="0">
  <testcase classname="Marrivenkatesh.Orderby" name="order" time="12.250"/>
  <system-out/>
</testsuite> <!-- Marrivenkatesh.Orderby -->
