<?xml version="1.0" encoding="UTF-8"?>
<!-- Generated by org.testng.reporters.JUnitReportReporter -->
<testsuite hostname="QT-INBG-LT0442" failures="0" tests="1" name="signin" time="4.425" errors="0" timestamp="2022-09-19T10:59:41 IST" skipped="0">
  <testcase classname="signin" name="df" time="4.425"/>
  <system-out/>
</testsuite> <!-- signin -->
