<?xml version="1.0" encoding="UTF-8"?>
<!-- Generated by org.testng.reporters.JUnitReportReporter -->
<testsuite hostname="QT-INBG-LT0442" failures="0" tests="1" name="signup" time="3.839" errors="0" timestamp="2022-09-19T10:59:41 IST" skipped="0">
  <testcase classname="signup" name="rf" time="3.839"/>
  <system-out/>
</testsuite> <!-- signup -->
